[2025-01-12T19:05:40.638+0000] {local_task_job_runner.py:123} INFO - ::group::Pre task execution logs
[2025-01-12T19:05:40.661+0000] {taskinstance.py:2613} INFO - Dependencies all met for dep_context=non-requeueable deps ti=<TaskInstance: sber_autopodpiska.load_sessions manual__2025-01-12T18:43:11.976890+00:00 [queued]>
[2025-01-12T19:05:40.672+0000] {taskinstance.py:2613} INFO - Dependencies all met for dep_context=requeueable deps ti=<TaskInstance: sber_autopodpiska.load_sessions manual__2025-01-12T18:43:11.976890+00:00 [queued]>
[2025-01-12T19:05:40.673+0000] {taskinstance.py:2866} INFO - Starting attempt 1 of 2
[2025-01-12T19:05:40.695+0000] {taskinstance.py:2889} INFO - Executing <Task(PythonOperator): load_sessions> on 2025-01-12 18:43:11.976890+00:00
[2025-01-12T19:05:40.703+0000] {warnings.py:112} WARNING - /home/***/.local/lib/python3.12/site-packages/***/task/task_runner/standard_task_runner.py:70: DeprecationWarning: This process (pid=345) is multi-threaded, use of fork() may lead to deadlocks in the child.
  pid = os.fork()

[2025-01-12T19:05:40.705+0000] {standard_task_runner.py:72} INFO - Started process 347 to run task
[2025-01-12T19:05:40.705+0000] {standard_task_runner.py:104} INFO - Running: ['***', 'tasks', 'run', 'sber_autopodpiska', 'load_sessions', 'manual__2025-01-12T18:43:11.976890+00:00', '--job-id', '30', '--raw', '--subdir', 'DAGS_FOLDER/diploma_dag.py', '--cfg-path', '/tmp/tmpn1o219_p']
[2025-01-12T19:05:40.708+0000] {standard_task_runner.py:105} INFO - Job 30: Subtask load_sessions
[2025-01-12T19:05:40.772+0000] {task_command.py:467} INFO - Running <TaskInstance: sber_autopodpiska.load_sessions manual__2025-01-12T18:43:11.976890+00:00 [running]> on host 95f5aa5474ee
[2025-01-12T19:05:42.671+0000] {taskinstance.py:3132} INFO - Exporting env vars: AIRFLOW_CTX_DAG_OWNER='***' AIRFLOW_CTX_DAG_ID='sber_autopodpiska' AIRFLOW_CTX_TASK_ID='load_sessions' AIRFLOW_CTX_EXECUTION_DATE='2025-01-12T18:43:11.976890+00:00' AIRFLOW_CTX_TRY_NUMBER='1' AIRFLOW_CTX_DAG_RUN_ID='manual__2025-01-12T18:43:11.976890+00:00'
[2025-01-12T19:05:42.673+0000] {taskinstance.py:731} INFO - ::endgroup::
[2025-01-12T19:05:44.034+0000] {load_sessions.py:34} INFO - всего записей из json к загрузке в sessions: 7277
[2025-01-12T19:05:57.942+0000] {load_sessions.py:34} INFO - всего записей из json к загрузке в sessions: 8569
[2025-01-12T19:06:04.152+0000] {load_sessions.py:34} INFO - всего записей из json к загрузке в sessions: 9383
[2025-01-12T19:06:05.338+0000] {load_sessions.py:34} INFO - всего записей из json к загрузке в sessions: 9493
[2025-01-12T19:06:05.349+0000] {python.py:240} INFO - Done. Returned value was: None
[2025-01-12T19:06:05.364+0000] {taskinstance.py:340} INFO - ::group::Post task execution logs
[2025-01-12T19:06:05.365+0000] {taskinstance.py:352} INFO - Marking task as SUCCESS. dag_id=sber_autopodpiska, task_id=load_sessions, run_id=manual__2025-01-12T18:43:11.976890+00:00, execution_date=20250112T184311, start_date=20250112T190540, end_date=20250112T190605
[2025-01-12T19:06:05.407+0000] {local_task_job_runner.py:266} INFO - Task exited with return code 0
[2025-01-12T19:06:05.434+0000] {taskinstance.py:3895} INFO - 1 downstream tasks scheduled from follow-on schedule check
[2025-01-12T19:06:05.437+0000] {local_task_job_runner.py:245} INFO - ::endgroup::
