[2025-01-12T18:43:25.788+0000] {local_task_job_runner.py:123} INFO - ::group::Pre task execution logs
[2025-01-12T18:43:25.811+0000] {taskinstance.py:2613} INFO - Dependencies all met for dep_context=non-requeueable deps ti=<TaskInstance: sber_autopodpiska.main_hits manual__2025-01-12T18:43:11.976890+00:00 [queued]>
[2025-01-12T18:43:25.821+0000] {taskinstance.py:2613} INFO - Dependencies all met for dep_context=requeueable deps ti=<TaskInstance: sber_autopodpiska.main_hits manual__2025-01-12T18:43:11.976890+00:00 [queued]>
[2025-01-12T18:43:25.847+0000] {taskinstance.py:2866} INFO - Starting attempt 1 of 2
[2025-01-12T18:43:25.928+0000] {taskinstance.py:2889} INFO - Executing <Task(PythonOperator): main_hits> on 2025-01-12 18:43:11.976890+00:00
[2025-01-12T18:43:25.936+0000] {warnings.py:112} WARNING - /home/***/.local/lib/python3.12/site-packages/***/task/task_runner/standard_task_runner.py:70: DeprecationWarning: This process (pid=85) is multi-threaded, use of fork() may lead to deadlocks in the child.
  pid = os.fork()

[2025-01-12T18:43:25.938+0000] {standard_task_runner.py:72} INFO - Started process 87 to run task
[2025-01-12T18:43:25.938+0000] {standard_task_runner.py:104} INFO - Running: ['***', 'tasks', 'run', 'sber_autopodpiska', 'main_hits', 'manual__2025-01-12T18:43:11.976890+00:00', '--job-id', '28', '--raw', '--subdir', 'DAGS_FOLDER/diploma_dag.py', '--cfg-path', '/tmp/tmp7kvavofg']
[2025-01-12T18:43:25.941+0000] {standard_task_runner.py:105} INFO - Job 28: Subtask main_hits
[2025-01-12T18:43:26.107+0000] {task_command.py:467} INFO - Running <TaskInstance: sber_autopodpiska.main_hits manual__2025-01-12T18:43:11.976890+00:00 [running]> on host 95f5aa5474ee
[2025-01-12T18:43:26.299+0000] {taskinstance.py:3132} INFO - Exporting env vars: AIRFLOW_CTX_DAG_OWNER='***' AIRFLOW_CTX_DAG_ID='sber_autopodpiska' AIRFLOW_CTX_TASK_ID='main_hits' AIRFLOW_CTX_EXECUTION_DATE='2025-01-12T18:43:11.976890+00:00' AIRFLOW_CTX_TRY_NUMBER='1' AIRFLOW_CTX_DAG_RUN_ID='manual__2025-01-12T18:43:11.976890+00:00'
[2025-01-12T18:43:26.301+0000] {taskinstance.py:731} INFO - ::endgroup::
[2025-01-12T18:43:26.366+0000] {main_hits.py:54} INFO - start load file /opt/***/data/diploma_main_dataset/ga_hits.csv
[2025-01-12T18:43:26.367+0000] {logging_mixin.py:190} INFO - filename is /opt/***/data/diploma_main_dataset/ga_hits.csv
[2025-01-12T18:43:43.904+0000] {logging_mixin.py:190} INFO - успешно загружено [999999]
[2025-01-12T18:43:43.977+0000] {main_hits.py:59} INFO - успешно загружено [999999]
[2025-01-12T18:43:47.665+0000] {logging_mixin.py:190} INFO - data_list df_hits formed:  1000000
[2025-01-12T18:43:47.666+0000] {main_hits.py:70} INFO - data_list df_hits formed length: 1000000
[2025-01-12T18:43:47.676+0000] {logging_mixin.py:190} INFO - всего к загрузке df_hits: 1000000
[2025-01-12T18:43:47.677+0000] {main_hits.py:77} INFO - всего к загрузке df_hits: 1000000
[2025-01-12T18:44:10.718+0000] {logging_mixin.py:190} INFO - успешно загружено [1999999]
[2025-01-12T18:44:10.793+0000] {main_hits.py:59} INFO - успешно загружено [1999999]
[2025-01-12T18:44:15.231+0000] {logging_mixin.py:190} INFO - data_list df_hits formed:  1000000
[2025-01-12T18:44:15.232+0000] {main_hits.py:70} INFO - data_list df_hits formed length: 1000000
[2025-01-12T18:44:15.243+0000] {logging_mixin.py:190} INFO - всего к загрузке df_hits: 1000000
[2025-01-12T18:44:15.244+0000] {main_hits.py:77} INFO - всего к загрузке df_hits: 1000000
[2025-01-12T18:44:54.784+0000] {job.py:229} INFO - Heartbeat recovered after 14.71 seconds
[2025-01-12T18:45:03.064+0000] {job.py:229} INFO - Heartbeat recovered after 17.40 seconds
[2025-01-12T18:45:20.475+0000] {job.py:229} INFO - Heartbeat recovered after 20.63 seconds
[2025-01-12T18:45:29.395+0000] {job.py:229} INFO - Heartbeat recovered after 21.27 seconds
[2025-01-12T18:45:52.080+0000] {logging_mixin.py:190} INFO - успешно загружено [2999999]
[2025-01-12T18:45:52.155+0000] {main_hits.py:59} INFO - успешно загружено [2999999]
[2025-01-12T18:45:55.801+0000] {logging_mixin.py:190} INFO - data_list df_hits formed:  1000000
[2025-01-12T18:45:55.802+0000] {main_hits.py:70} INFO - data_list df_hits formed length: 1000000
[2025-01-12T18:45:55.814+0000] {logging_mixin.py:190} INFO - всего к загрузке df_hits: 1000000
[2025-01-12T18:45:55.814+0000] {main_hits.py:77} INFO - всего к загрузке df_hits: 1000000
[2025-01-12T18:47:32.902+0000] {logging_mixin.py:190} INFO - успешно загружено [3999999]
[2025-01-12T18:47:32.975+0000] {main_hits.py:59} INFO - успешно загружено [3999999]
[2025-01-12T18:47:36.708+0000] {logging_mixin.py:190} INFO - data_list df_hits formed:  1000000
[2025-01-12T18:47:36.709+0000] {main_hits.py:70} INFO - data_list df_hits formed length: 1000000
[2025-01-12T18:47:36.718+0000] {logging_mixin.py:190} INFO - всего к загрузке df_hits: 1000000
[2025-01-12T18:47:36.719+0000] {main_hits.py:77} INFO - всего к загрузке df_hits: 1000000
[2025-01-12T18:48:11.480+0000] {job.py:229} INFO - Heartbeat recovered after 17.09 seconds
[2025-01-12T18:48:16.784+0000] {job.py:229} INFO - Heartbeat recovered after 17.06 seconds
[2025-01-12T18:48:27.136+0000] {logging_mixin.py:190} INFO - успешно загружено [4999999]
[2025-01-12T18:48:27.195+0000] {main_hits.py:59} INFO - успешно загружено [4999999]
[2025-01-12T18:48:31.243+0000] {logging_mixin.py:190} INFO - data_list df_hits formed:  1000000
[2025-01-12T18:48:31.244+0000] {main_hits.py:70} INFO - data_list df_hits formed length: 1000000
[2025-01-12T18:48:31.255+0000] {logging_mixin.py:190} INFO - всего к загрузке df_hits: 1000000
[2025-01-12T18:48:31.256+0000] {main_hits.py:77} INFO - всего к загрузке df_hits: 1000000
[2025-01-12T18:49:11.542+0000] {job.py:229} INFO - Heartbeat recovered after 13.11 seconds
[2025-01-12T18:49:16.623+0000] {job.py:229} INFO - Heartbeat recovered after 11.28 seconds
[2025-01-12T18:49:19.193+0000] {logging_mixin.py:190} INFO - успешно загружено [5999999]
[2025-01-12T18:49:19.256+0000] {main_hits.py:59} INFO - успешно загружено [5999999]
[2025-01-12T18:49:22.731+0000] {logging_mixin.py:190} INFO - data_list df_hits formed:  1000000
[2025-01-12T18:49:22.732+0000] {main_hits.py:70} INFO - data_list df_hits formed length: 1000000
[2025-01-12T18:49:22.741+0000] {logging_mixin.py:190} INFO - всего к загрузке df_hits: 1000000
[2025-01-12T18:49:22.742+0000] {main_hits.py:77} INFO - всего к загрузке df_hits: 1000000
[2025-01-12T18:49:59.787+0000] {job.py:229} INFO - Heartbeat recovered after 26.95 seconds
[2025-01-12T18:50:05.549+0000] {job.py:229} INFO - Heartbeat recovered after 26.15 seconds
[2025-01-12T18:50:16.082+0000] {logging_mixin.py:190} INFO - успешно загружено [6999999]
[2025-01-12T18:50:16.246+0000] {main_hits.py:59} INFO - успешно загружено [6999999]
[2025-01-12T18:50:19.701+0000] {logging_mixin.py:190} INFO - data_list df_hits formed:  1000000
[2025-01-12T18:50:19.702+0000] {main_hits.py:70} INFO - data_list df_hits formed length: 1000000
[2025-01-12T18:50:19.711+0000] {logging_mixin.py:190} INFO - всего к загрузке df_hits: 1000000
[2025-01-12T18:50:19.712+0000] {main_hits.py:77} INFO - всего к загрузке df_hits: 1000000
[2025-01-12T18:51:11.711+0000] {job.py:229} INFO - Heartbeat recovered after 24.58 seconds
[2025-01-12T18:51:18.890+0000] {job.py:229} INFO - Heartbeat recovered after 26.49 seconds
[2025-01-12T18:51:47.706+0000] {logging_mixin.py:190} INFO - успешно загружено [7999999]
[2025-01-12T18:51:47.778+0000] {main_hits.py:59} INFO - успешно загружено [7999999]
[2025-01-12T18:51:51.722+0000] {logging_mixin.py:190} INFO - data_list df_hits formed:  1000000
[2025-01-12T18:51:51.723+0000] {main_hits.py:70} INFO - data_list df_hits formed length: 1000000
[2025-01-12T18:51:51.783+0000] {logging_mixin.py:190} INFO - всего к загрузке df_hits: 1000000
[2025-01-12T18:51:51.784+0000] {main_hits.py:77} INFO - всего к загрузке df_hits: 1000000
[2025-01-12T18:52:34.301+0000] {job.py:229} INFO - Heartbeat recovered after 26.56 seconds
[2025-01-12T18:52:44.134+0000] {job.py:229} INFO - Heartbeat recovered after 30.63 seconds
[2025-01-12T18:52:58.753+0000] {logging_mixin.py:190} INFO - успешно загружено [8999999]
[2025-01-12T18:52:58.832+0000] {main_hits.py:59} INFO - успешно загружено [8999999]
[2025-01-12T18:53:02.850+0000] {logging_mixin.py:190} INFO - data_list df_hits formed:  1000000
[2025-01-12T18:53:02.851+0000] {main_hits.py:70} INFO - data_list df_hits formed length: 1000000
[2025-01-12T18:53:02.860+0000] {logging_mixin.py:190} INFO - всего к загрузке df_hits: 1000000
[2025-01-12T18:53:02.861+0000] {main_hits.py:77} INFO - всего к загрузке df_hits: 1000000
[2025-01-12T18:53:42.160+0000] {job.py:229} INFO - Heartbeat recovered after 27.22 seconds
[2025-01-12T18:53:47.211+0000] {job.py:229} INFO - Heartbeat recovered after 26.73 seconds
[2025-01-12T18:54:34.517+0000] {job.py:229} INFO - Heartbeat recovered after 15.70 seconds
[2025-01-12T18:54:39.604+0000] {job.py:229} INFO - Heartbeat recovered after 15.41 seconds
[2025-01-12T18:54:39.794+0000] {logging_mixin.py:190} INFO - успешно загружено [9999999]
[2025-01-12T18:54:39.865+0000] {main_hits.py:59} INFO - успешно загружено [9999999]
[2025-01-12T18:54:43.374+0000] {logging_mixin.py:190} INFO - data_list df_hits formed:  1000000
[2025-01-12T18:54:43.375+0000] {main_hits.py:70} INFO - data_list df_hits formed length: 1000000
[2025-01-12T18:54:43.384+0000] {logging_mixin.py:190} INFO - всего к загрузке df_hits: 1000000
[2025-01-12T18:54:43.385+0000] {main_hits.py:77} INFO - всего к загрузке df_hits: 1000000
[2025-01-12T18:55:15.398+0000] {job.py:229} INFO - Heartbeat recovered after 20.60 seconds
[2025-01-12T18:55:22.831+0000] {job.py:229} INFO - Heartbeat recovered after 22.70 seconds
[2025-01-12T18:55:41.941+0000] {logging_mixin.py:190} INFO - успешно загружено [10999999]
[2025-01-12T18:55:42.015+0000] {main_hits.py:59} INFO - успешно загружено [10999999]
[2025-01-12T18:55:45.746+0000] {logging_mixin.py:190} INFO - data_list df_hits formed:  1000000
[2025-01-12T18:55:45.747+0000] {main_hits.py:70} INFO - data_list df_hits formed length: 1000000
[2025-01-12T18:55:45.756+0000] {logging_mixin.py:190} INFO - всего к загрузке df_hits: 1000000
[2025-01-12T18:55:45.757+0000] {main_hits.py:77} INFO - всего к загрузке df_hits: 1000000
[2025-01-12T18:56:40.737+0000] {logging_mixin.py:190} INFO - успешно загружено [11999999]
[2025-01-12T18:56:40.809+0000] {main_hits.py:59} INFO - успешно загружено [11999999]
[2025-01-12T18:56:44.428+0000] {logging_mixin.py:190} INFO - data_list df_hits formed:  1000000
[2025-01-12T18:56:44.429+0000] {main_hits.py:70} INFO - data_list df_hits formed length: 1000000
[2025-01-12T18:56:44.440+0000] {logging_mixin.py:190} INFO - всего к загрузке df_hits: 1000000
[2025-01-12T18:56:44.440+0000] {main_hits.py:77} INFO - всего к загрузке df_hits: 1000000
[2025-01-12T18:57:12.211+0000] {job.py:229} INFO - Heartbeat recovered after 29.00 seconds
[2025-01-12T18:57:17.760+0000] {job.py:229} INFO - Heartbeat recovered after 29.47 seconds
[2025-01-12T18:58:14.272+0000] {job.py:229} INFO - Heartbeat recovered after 12.30 seconds
[2025-01-12T18:58:19.347+0000] {job.py:229} INFO - Heartbeat recovered after 11.64 seconds
[2025-01-12T18:58:24.726+0000] {logging_mixin.py:190} INFO - успешно загружено [12999999]
[2025-01-12T18:58:24.799+0000] {main_hits.py:59} INFO - успешно загружено [12999999]
[2025-01-12T18:58:28.384+0000] {logging_mixin.py:190} INFO - data_list df_hits formed:  1000000
[2025-01-12T18:58:28.385+0000] {main_hits.py:70} INFO - data_list df_hits formed length: 1000000
[2025-01-12T18:58:28.394+0000] {logging_mixin.py:190} INFO - всего к загрузке df_hits: 1000000
[2025-01-12T18:58:28.395+0000] {main_hits.py:77} INFO - всего к загрузке df_hits: 1000000
[2025-01-12T18:59:16.593+0000] {job.py:229} INFO - Heartbeat recovered after 29.43 seconds
[2025-01-12T18:59:26.497+0000] {job.py:229} INFO - Heartbeat recovered after 32.97 seconds
[2025-01-12T18:59:35.322+0000] {job.py:229} INFO - Heartbeat recovered after 13.66 seconds
[2025-01-12T18:59:51.315+0000] {logging_mixin.py:190} INFO - успешно загружено [13999999]
[2025-01-12T18:59:51.385+0000] {main_hits.py:59} INFO - успешно загружено [13999999]
[2025-01-12T18:59:55.028+0000] {logging_mixin.py:190} INFO - data_list df_hits formed:  1000000
[2025-01-12T18:59:55.029+0000] {main_hits.py:70} INFO - data_list df_hits formed length: 1000000
[2025-01-12T18:59:55.039+0000] {logging_mixin.py:190} INFO - всего к загрузке df_hits: 1000000
[2025-01-12T18:59:55.040+0000] {main_hits.py:77} INFO - всего к загрузке df_hits: 1000000
[2025-01-12T19:00:22.061+0000] {job.py:229} INFO - Heartbeat recovered after 26.08 seconds
[2025-01-12T19:00:27.801+0000] {job.py:229} INFO - Heartbeat recovered after 26.76 seconds
[2025-01-12T19:00:58.371+0000] {job.py:229} INFO - Heartbeat recovered after 15.17 seconds
[2025-01-12T19:01:04.446+0000] {job.py:229} INFO - Heartbeat recovered after 15.89 seconds
[2025-01-12T19:01:14.482+0000] {logging_mixin.py:190} INFO - успешно загружено [14999999]
[2025-01-12T19:01:14.554+0000] {main_hits.py:59} INFO - успешно загружено [14999999]
[2025-01-12T19:01:18.548+0000] {logging_mixin.py:190} INFO - data_list df_hits formed:  1000000
[2025-01-12T19:01:18.548+0000] {main_hits.py:70} INFO - data_list df_hits formed length: 1000000
[2025-01-12T19:01:18.559+0000] {logging_mixin.py:190} INFO - всего к загрузке df_hits: 1000000
[2025-01-12T19:01:18.560+0000] {main_hits.py:77} INFO - всего к загрузке df_hits: 1000000
[2025-01-12T19:01:42.041+0000] {job.py:229} INFO - Heartbeat recovered after 17.31 seconds
[2025-01-12T19:01:53.390+0000] {job.py:229} INFO - Heartbeat recovered after 23.60 seconds
[2025-01-12T19:01:58.824+0000] {job.py:229} INFO - Heartbeat recovered after 11.70 seconds
[2025-01-12T19:02:17.009+0000] {logging_mixin.py:190} INFO - успешно загружено [15726469]
[2025-01-12T19:02:17.051+0000] {main_hits.py:59} INFO - успешно загружено [15726469]
[2025-01-12T19:02:20.054+0000] {logging_mixin.py:190} INFO - data_list df_hits formed:  726470
[2025-01-12T19:02:20.055+0000] {main_hits.py:70} INFO - data_list df_hits formed length: 726470
[2025-01-12T19:02:20.064+0000] {logging_mixin.py:190} INFO - всего к загрузке df_hits: 726470
[2025-01-12T19:02:20.065+0000] {main_hits.py:77} INFO - всего к загрузке df_hits: 726470
[2025-01-12T19:02:43.830+0000] {main_hits.py:87} INFO - successfully loaded /opt/***/data/diploma_main_dataset/ga_hits.csv
[2025-01-12T19:02:44.004+0000] {python.py:240} INFO - Done. Returned value was: None
[2025-01-12T19:02:44.020+0000] {taskinstance.py:340} INFO - ::group::Post task execution logs
[2025-01-12T19:02:44.021+0000] {taskinstance.py:352} INFO - Marking task as SUCCESS. dag_id=sber_autopodpiska, task_id=main_hits, run_id=manual__2025-01-12T18:43:11.976890+00:00, execution_date=20250112T184311, start_date=20250112T184325, end_date=20250112T190244
[2025-01-12T19:02:44.147+0000] {local_task_job_runner.py:266} INFO - Task exited with return code 0
[2025-01-12T19:02:44.178+0000] {taskinstance.py:3895} INFO - 1 downstream tasks scheduled from follow-on schedule check
[2025-01-12T19:02:44.214+0000] {local_task_job_runner.py:245} INFO - ::endgroup::
