[2025-01-10T22:59:52.945+0000] {local_task_job_runner.py:123} INFO - ::group::Pre task execution logs
[2025-01-10T22:59:52.974+0000] {taskinstance.py:2613} INFO - Dependencies all met for dep_context=non-requeueable deps ti=<TaskInstance: check_postgres_tables_without_hook.check_tables manual__2025-01-10T22:59:51.156667+00:00 [queued]>
[2025-01-10T22:59:52.993+0000] {taskinstance.py:2613} INFO - Dependencies all met for dep_context=requeueable deps ti=<TaskInstance: check_postgres_tables_without_hook.check_tables manual__2025-01-10T22:59:51.156667+00:00 [queued]>
[2025-01-10T22:59:52.995+0000] {taskinstance.py:2866} INFO - Starting attempt 1 of 1
[2025-01-10T22:59:53.017+0000] {taskinstance.py:2889} INFO - Executing <Task(PythonOperator): check_tables> on 2025-01-10 22:59:51.156667+00:00
[2025-01-10T22:59:53.023+0000] {warnings.py:112} WARNING - /home/***/.local/lib/python3.12/site-packages/***/task/task_runner/standard_task_runner.py:70: DeprecationWarning: This process (pid=260) is multi-threaded, use of fork() may lead to deadlocks in the child.
  pid = os.fork()

[2025-01-10T22:59:53.025+0000] {standard_task_runner.py:72} INFO - Started process 261 to run task
[2025-01-10T22:59:53.026+0000] {standard_task_runner.py:104} INFO - Running: ['***', 'tasks', 'run', 'check_postgres_tables_without_hook', 'check_tables', 'manual__2025-01-10T22:59:51.156667+00:00', '--job-id', '3', '--raw', '--subdir', 'DAGS_FOLDER/test_dag.py', '--cfg-path', '/tmp/tmpad_r03q0']
[2025-01-10T22:59:53.027+0000] {standard_task_runner.py:105} INFO - Job 3: Subtask check_tables
[2025-01-10T22:59:53.109+0000] {task_command.py:467} INFO - Running <TaskInstance: check_postgres_tables_without_hook.check_tables manual__2025-01-10T22:59:51.156667+00:00 [running]> on host 95f5aa5474ee
[2025-01-10T22:59:53.229+0000] {taskinstance.py:3132} INFO - Exporting env vars: AIRFLOW_CTX_DAG_OWNER='***' AIRFLOW_CTX_DAG_ID='check_postgres_tables_without_hook' AIRFLOW_CTX_TASK_ID='check_tables' AIRFLOW_CTX_EXECUTION_DATE='2025-01-10T22:59:51.156667+00:00' AIRFLOW_CTX_TRY_NUMBER='1' AIRFLOW_CTX_DAG_RUN_ID='manual__2025-01-10T22:59:51.156667+00:00'
[2025-01-10T22:59:53.230+0000] {taskinstance.py:731} INFO - ::endgroup::
[2025-01-10T22:59:53.284+0000] {logging_mixin.py:190} INFO - Список таблиц:
[2025-01-10T22:59:53.284+0000] {logging_mixin.py:190} INFO - - ga_sessions
[2025-01-10T22:59:53.285+0000] {logging_mixin.py:190} INFO - - ga_hits
[2025-01-10T22:59:53.285+0000] {logging_mixin.py:190} INFO - 
Содержимое таблицы ga_sessions (до 5 строк):
[2025-01-10T22:59:53.286+0000] {logging_mixin.py:190} INFO - 
Содержимое таблицы ga_hits (до 5 строк):
[2025-01-10T22:59:53.287+0000] {python.py:240} INFO - Done. Returned value was: None
[2025-01-10T22:59:53.305+0000] {taskinstance.py:340} INFO - ::group::Post task execution logs
[2025-01-10T22:59:53.306+0000] {taskinstance.py:352} INFO - Marking task as SUCCESS. dag_id=check_postgres_tables_without_hook, task_id=check_tables, run_id=manual__2025-01-10T22:59:51.156667+00:00, execution_date=20250110T225951, start_date=20250110T225952, end_date=20250110T225953
[2025-01-10T22:59:53.362+0000] {local_task_job_runner.py:266} INFO - Task exited with return code 0
[2025-01-10T22:59:53.389+0000] {taskinstance.py:3895} INFO - 0 downstream tasks scheduled from follow-on schedule check
[2025-01-10T22:59:53.393+0000] {local_task_job_runner.py:245} INFO - ::endgroup::
