[2025-01-12T11:25:11.124+0000] {local_task_job_runner.py:123} INFO - ::group::Pre task execution logs
[2025-01-12T11:25:11.149+0000] {taskinstance.py:2613} INFO - Dependencies all met for dep_context=non-requeueable deps ti=<TaskInstance: sber_autopodpiska.load_sessions manual__2025-01-12T11:23:10.696248+00:00 [queued]>
[2025-01-12T11:25:11.159+0000] {taskinstance.py:2613} INFO - Dependencies all met for dep_context=requeueable deps ti=<TaskInstance: sber_autopodpiska.load_sessions manual__2025-01-12T11:23:10.696248+00:00 [queued]>
[2025-01-12T11:25:11.161+0000] {taskinstance.py:2866} INFO - Starting attempt 1 of 2
[2025-01-12T11:25:11.329+0000] {taskinstance.py:2889} INFO - Executing <Task(PythonOperator): load_sessions> on 2025-01-12 11:23:10.696248+00:00
[2025-01-12T11:25:11.337+0000] {warnings.py:112} WARNING - /home/***/.local/lib/python3.12/site-packages/***/task/task_runner/standard_task_runner.py:70: DeprecationWarning: This process (pid=19735) is multi-threaded, use of fork() may lead to deadlocks in the child.
  pid = os.fork()

[2025-01-12T11:25:11.338+0000] {standard_task_runner.py:72} INFO - Started process 19737 to run task
[2025-01-12T11:25:11.339+0000] {standard_task_runner.py:104} INFO - Running: ['***', 'tasks', 'run', 'sber_autopodpiska', 'load_sessions', 'manual__2025-01-12T11:23:10.696248+00:00', '--job-id', '24', '--raw', '--subdir', 'DAGS_FOLDER/diploma_dag.py', '--cfg-path', '/tmp/tmpfv_3n46x']
[2025-01-12T11:25:11.342+0000] {standard_task_runner.py:105} INFO - Job 24: Subtask load_sessions
[2025-01-12T11:25:11.577+0000] {task_command.py:467} INFO - Running <TaskInstance: sber_autopodpiska.load_sessions manual__2025-01-12T11:23:10.696248+00:00 [running]> on host 95f5aa5474ee
[2025-01-12T11:25:11.874+0000] {taskinstance.py:3132} INFO - Exporting env vars: AIRFLOW_CTX_DAG_OWNER='***' AIRFLOW_CTX_DAG_ID='sber_autopodpiska' AIRFLOW_CTX_TASK_ID='load_sessions' AIRFLOW_CTX_EXECUTION_DATE='2025-01-12T11:23:10.696248+00:00' AIRFLOW_CTX_TRY_NUMBER='1' AIRFLOW_CTX_DAG_RUN_ID='manual__2025-01-12T11:23:10.696248+00:00'
[2025-01-12T11:25:11.876+0000] {taskinstance.py:731} INFO - ::endgroup::
[2025-01-12T11:25:13.122+0000] {load_sessions.py:34} INFO - всего записей из json к загрузке в sessions: 7277
[2025-01-12T11:25:14.299+0000] {load_sessions.py:34} INFO - всего записей из json к загрузке в sessions: 8569
[2025-01-12T11:25:15.585+0000] {load_sessions.py:34} INFO - всего записей из json к загрузке в sessions: 9383
[2025-01-12T11:25:16.875+0000] {load_sessions.py:34} INFO - всего записей из json к загрузке в sessions: 9493
[2025-01-12T11:25:16.886+0000] {python.py:240} INFO - Done. Returned value was: None
[2025-01-12T11:25:16.902+0000] {taskinstance.py:340} INFO - ::group::Post task execution logs
[2025-01-12T11:25:16.903+0000] {taskinstance.py:352} INFO - Marking task as SUCCESS. dag_id=sber_autopodpiska, task_id=load_sessions, run_id=manual__2025-01-12T11:23:10.696248+00:00, execution_date=20250112T112310, start_date=20250112T112511, end_date=20250112T112516
[2025-01-12T11:25:16.926+0000] {local_task_job_runner.py:266} INFO - Task exited with return code 0
[2025-01-12T11:25:16.953+0000] {taskinstance.py:3895} INFO - 1 downstream tasks scheduled from follow-on schedule check
[2025-01-12T11:25:16.957+0000] {local_task_job_runner.py:245} INFO - ::endgroup::
